<?xml version="1.0" encoding="UTF-8"?>
<testsuite xmlns:xsi="http://www.w3.org/2001/XMLSchema-instance" xsi:noNamespaceSchemaLocation="https://maven.apache.org/surefire/maven-surefire-plugin/xsd/surefire-test-report.xsd" name="com.doromv.service.UserServiceTest" time="0.122" tests="2" errors="0" skipped="0" failures="0">
  <properties>
[...]
</properties>
  <testcase name="testGetCount" classname="com.doromv.service.UserServiceTest" time="0.054"/>
  <testcase name="testSaveBatch" classname="com.doromv.service.UserServiceTest" time="0.05"/>
</testsuite>